<?xml version="1.0" encoding="UTF-8"?>
<testsuite name="testPackage.TestClass" tests="2" skipped="0" failures="0" errors="0" timestamp="2021-05-05T10:36:07" hostname="qa" time="0.205">
  <properties/>
  <testcase name="secondTest" classname="testPackage.TestClass" time="0.099"/>
  <testcase name="startTest" classname="testPackage.TestClass" time="0.001"/>
  <system-out><![CDATA[5
Test
]]></system-out>
  <system-err><![CDATA[Starting ChromeDriver 90.0.4430.24 (4c6d850f087da467d926e8eddb76550aed655991-refs/branch-heads/4430@{#429}) on port 25441
Only local connections are allowed.
Please see https://chromedriver.chromium.org/security-considerations for suggestions on keeping ChromeDriver safe.
ChromeDriver was started successfully.
May 05, 2021 1:36:06 PM org.openqa.selenium.remote.ProtocolHandshake createSession
INFO: Detected dialect: W3C
]]></system-err>
</testsuite>
